<?xml version="1.0" encoding="UTF-8"?>
<!-- Generated by org.testng.reporters.JUnitReportReporter -->
<testsuite hostname="qaplanet34" name="TestScripts.TC2_AddEmp" tests="1" failures="0" timestamp="9 Dec 2017 06:13:27 GMT" time="11.653" errors="0">
  <testcase name="AddEmployee" time="11.653" classname="TestScripts.TC2_AddEmp"/>
</testsuite> <!-- TestScripts.TC2_AddEmp -->
