<?xml version="1.0" encoding="UTF-8"?>
<!-- Generated by org.testng.reporters.JUnitReportReporter -->
<testsuite hostname="qaplanet34" name="TestScripts.Tc1_Login" tests="1" failures="0" timestamp="9 Dec 2017 06:13:27 GMT" time="11.731" errors="0">
  <testcase name="verifyOrangeHRM" time="11.731" classname="TestScripts.Tc1_Login"/>
</testsuite> <!-- TestScripts.Tc1_Login -->
